TN:
SF:/home/mgeatz/Documents/projects/skolvikes/src/polyfills.ts
FNF:0
FNH:0
LF:0
LH:0
BRF:0
BRH:0
end_of_record
TN:
SF:/home/mgeatz/Documents/projects/skolvikes/src/test.ts
FNF:0
FNH:0
DA:13,1
DA:18,1
DA:20,1
LF:3
LH:3
BRF:0
BRH:0
end_of_record
TN:
SF:/home/mgeatz/Documents/projects/skolvikes/src/app/app.component.ts
FN:10,(anonymous_2)
FN:20,AppComponent
FN:22,(anonymous_4)
FN:24,(anonymous_5)
FN:30,(anonymous_6)
FNF:5
FNH:4
FNDA:1,(anonymous_2)
FNDA:3,AppComponent
FNDA:1,(anonymous_4)
FNDA:1,(anonymous_5)
FNDA:0,(anonymous_6)
DA:10,1
DA:12,3
DA:14,3
DA:16,3
DA:20,3
DA:22,1
DA:24,1
DA:25,1
DA:30,1
DA:31,0
DA:34,1
LF:11
LH:10
BRF:0
BRH:0
end_of_record
TN:
SF:/home/mgeatz/Documents/projects/skolvikes/src/app/info.service.ts
FN:7,(anonymous_2)
FN:12,InfoService
FN:14,(anonymous_4)
FNF:3
FNH:2
FNDA:1,(anonymous_2)
FNDA:5,InfoService
FNDA:0,(anonymous_4)
DA:7,1
DA:9,5
DA:10,5
DA:14,1
DA:15,0
DA:16,0
DA:19,1
LF:7
LH:5
BRF:0
BRH:0
end_of_record
TN:
SF:/home/mgeatz/Documents/projects/skolvikes/src/app/basket-case/basket-case.component.ts
FN:8,(anonymous_2)
FN:10,BasketCaseComponent
FN:12,(anonymous_4)
FNF:3
FNH:3
FNDA:1,(anonymous_2)
FNDA:1,BasketCaseComponent
FNDA:1,(anonymous_4)
DA:8,1
DA:12,1
DA:15,1
LF:3
LH:3
BRF:0
BRH:0
end_of_record
TN:
SF:/home/mgeatz/Documents/projects/skolvikes/src/app/basket-item/basket-item.component.ts
FN:8,(anonymous_2)
FN:10,BasketItemComponent
FN:12,(anonymous_4)
FNF:3
FNH:3
FNDA:1,(anonymous_2)
FNDA:1,BasketItemComponent
FNDA:1,(anonymous_4)
DA:8,1
DA:12,1
DA:15,1
LF:3
LH:3
BRF:0
BRH:0
end_of_record
TN:
SF:/home/mgeatz/Documents/projects/skolvikes/src/app/baskets/baskets.component.ts
FN:8,(anonymous_2)
FN:10,BasketsComponent
FN:12,(anonymous_4)
FNF:3
FNH:3
FNDA:1,(anonymous_2)
FNDA:1,BasketsComponent
FNDA:1,(anonymous_4)
DA:8,1
DA:12,1
DA:15,1
LF:3
LH:3
BRF:0
BRH:0
end_of_record
TN:
SF:/home/mgeatz/Documents/projects/skolvikes/src/app/checkout/checkout.component.ts
FN:8,(anonymous_2)
FN:10,CheckoutComponent
FN:12,(anonymous_4)
FNF:3
FNH:3
FNDA:1,(anonymous_2)
FNDA:1,CheckoutComponent
FNDA:1,(anonymous_4)
DA:8,1
DA:12,1
DA:15,1
LF:3
LH:3
BRF:0
BRH:0
end_of_record
TN:
SF:/home/mgeatz/Documents/projects/skolvikes/src/app/confirmation/confirmation.component.ts
FN:8,(anonymous_2)
FN:10,ConfirmationComponent
FN:12,(anonymous_4)
FNF:3
FNH:3
FNDA:1,(anonymous_2)
FNDA:1,ConfirmationComponent
FNDA:1,(anonymous_4)
DA:8,1
DA:12,1
DA:15,1
LF:3
LH:3
BRF:0
BRH:0
end_of_record
TN:
SF:/home/mgeatz/Documents/projects/skolvikes/src/app/header/header.component.ts
FN:9,(anonymous_2)
FN:25,HeaderComponent
FN:27,(anonymous_4)
FN:33,(anonymous_5)
FN:42,(anonymous_6)
FNF:5
FNH:3
FNDA:1,(anonymous_2)
FNDA:1,HeaderComponent
FNDA:1,(anonymous_4)
FNDA:0,(anonymous_5)
FNDA:0,(anonymous_6)
DA:9,1
DA:11,1
DA:13,2
DA:15,1
DA:19,1
DA:25,1
DA:27,1
DA:29,1
DA:33,1
DA:35,0
DA:37,0
DA:39,0
DA:42,1
DA:43,0
DA:44,0
DA:47,1
LF:16
LH:11
BRF:0
BRH:0
end_of_record
